Info: Starting: Create block symbol file (.bsf)
Info: qsys-generate C:\Users\bimee\OneDrive\SoC\Course_Task\Quartus_project\ES.qsys --block-symbol-file --output-directory=C:\Users\bimee\OneDrive\SoC\Course_Task\Quartus_project\ES --family="Cyclone V" --part=5CSEBA6U23I7
Progress: Loading Quartus_project/ES.qsys
Progress: Reading input file
Progress: Adding clk_0 [clock_source 18.1]
Progress: Parameterizing module clk_0
Progress: Adding jtag_uart_0 [altera_avalon_jtag_uart 18.1]
Progress: Parameterizing module jtag_uart_0
Progress: Adding nios2_qsys_0 [altera_nios2_qsys 16.1]
Progress: Parameterizing module nios2_qsys_0
Progress: Adding onchip_memory2_0 [altera_avalon_onchip_memory2 18.1]
Progress: Parameterizing module onchip_memory2_0
Progress: Adding reg32_avalon_interface_0 [reg32_avalon_interface 1.0]
Progress: Parameterizing module reg32_avalon_interface_0
Progress: Building connections
Progress: Parameterizing connections
Progress: Validating
Progress: Done reading input file
Info: ES.jtag_uart_0: JTAG UART IP input clock need to be at least double (2x) the operating frequency of JTAG TCK on board
Warning: ES.nios2_qsys_0: Nios II Classic cores are no longer recommended for new projects
Info: qsys-generate succeeded.
Info: Finished: Create block symbol file (.bsf)
Info: 
Info: Starting: Create HDL design files for synthesis
Info: qsys-generate C:\Users\bimee\OneDrive\SoC\Course_Task\Quartus_project\ES.qsys --synthesis=VERILOG --output-directory=C:\Users\bimee\OneDrive\SoC\Course_Task\Quartus_project\ES\synthesis --family="Cyclone V" --part=5CSEBA6U23I7
Progress: Loading Quartus_project/ES.qsys
Progress: Reading input file
Progress: Adding clk_0 [clock_source 18.1]
Progress: Parameterizing module clk_0
Progress: Adding jtag_uart_0 [altera_avalon_jtag_uart 18.1]
Progress: Parameterizing module jtag_uart_0
Progress: Adding nios2_qsys_0 [altera_nios2_qsys 16.1]
Progress: Parameterizing module nios2_qsys_0
Progress: Adding onchip_memory2_0 [altera_avalon_onchip_memory2 18.1]
Progress: Parameterizing module onchip_memory2_0
Progress: Adding reg32_avalon_interface_0 [reg32_avalon_interface 1.0]
Progress: Parameterizing module reg32_avalon_interface_0
Progress: Building connections
Progress: Parameterizing connections
Progress: Validating
Progress: Done reading input file
Info: ES.jtag_uart_0: JTAG UART IP input clock need to be at least double (2x) the operating frequency of JTAG TCK on board
Warning: ES.nios2_qsys_0: Nios II Classic cores are no longer recommended for new projects
Info: ES: Generating ES "ES" for QUARTUS_SYNTH
Info: jtag_uart_0: Starting RTL generation for module 'ES_jtag_uart_0'
Info: jtag_uart_0:   Generation command is [exec C:/intelfpga_lite/18.1/quartus/bin64/perl/bin/perl.exe -I C:/intelfpga_lite/18.1/quartus/bin64/perl/lib -I C:/intelfpga_lite/18.1/quartus/sopc_builder/bin/europa -I C:/intelfpga_lite/18.1/quartus/sopc_builder/bin/perl_lib -I C:/intelfpga_lite/18.1/quartus/sopc_builder/bin -I C:/intelfpga_lite/18.1/quartus/../ip/altera/sopc_builder_ip/common -I C:/intelfpga_lite/18.1/quartus/../ip/altera/sopc_builder_ip/altera_avalon_jtag_uart -- C:/intelfpga_lite/18.1/quartus/../ip/altera/sopc_builder_ip/altera_avalon_jtag_uart/generate_rtl.pl --name=ES_jtag_uart_0 --dir=C:/Users/bimee/AppData/Local/Temp/alt9743_4262567756132078101.dir/0002_jtag_uart_0_gen/ --quartus_dir=C:/intelfpga_lite/18.1/quartus --verilog --config=C:/Users/bimee/AppData/Local/Temp/alt9743_4262567756132078101.dir/0002_jtag_uart_0_gen//ES_jtag_uart_0_component_configuration.pl  --do_build_sim=0  ]
Info: jtag_uart_0: Done RTL generation for module 'ES_jtag_uart_0'
Info: jtag_uart_0: "ES" instantiated altera_avalon_jtag_uart "jtag_uart_0"
Info: nios2_qsys_0: Starting RTL generation for module 'ES_nios2_qsys_0'
Info: nios2_qsys_0:   Generation command is [exec C:/intelfpga_lite/18.1/quartus/bin64/eperlcmd.exe -I C:/intelfpga_lite/18.1/quartus/bin64/perl/lib -I C:/intelfpga_lite/18.1/quartus/sopc_builder/bin/europa -I C:/intelfpga_lite/18.1/quartus/sopc_builder/bin/perl_lib -I C:/intelfpga_lite/18.1/quartus/sopc_builder/bin -I C:/intelfpga_lite/18.1/quartus/../ip/altera/nios2_ip/altera_nios2/cpu_lib -I C:/intelfpga_lite/18.1/quartus/../ip/altera/nios2_ip/altera_nios2/nios_lib -I C:/intelfpga_lite/18.1/quartus/../ip/altera/nios2_ip/altera_nios2 -I C:/intelfpga_lite/18.1/quartus/../ip/altera/nios2_ip/altera_nios2 -- C:/intelfpga_lite/18.1/quartus/../ip/altera/nios2_ip/altera_nios2/generate_rtl.epl --name=ES_nios2_qsys_0 --dir=C:/Users/bimee/AppData/Local/Temp/alt9743_4262567756132078101.dir/0003_nios2_qsys_0_gen/ --quartus_bindir=C:/intelfpga_lite/18.1/quartus/bin64 --verilog --config=C:/Users/bimee/AppData/Local/Temp/alt9743_4262567756132078101.dir/0003_nios2_qsys_0_gen//ES_nios2_qsys_0_processor_configuration.pl  --do_build_sim=0  ]
Info: nios2_qsys_0: # 2024.01.21 22:23:06 (*) Starting Nios II generation
Info: nios2_qsys_0: # 2024.01.21 22:23:06 (*)   Checking for plaintext license.
Info: nios2_qsys_0: # 2024.01.21 22:23:07 (*)   Couldn't query license setup in Quartus directory C:/intelfpga_lite/18.1/quartus/bin64
Info: nios2_qsys_0: # 2024.01.21 22:23:07 (*)   Defaulting to contents of LM_LICENSE_FILE environment variable
Info: nios2_qsys_0: # 2024.01.21 22:23:07 (*)   LM_LICENSE_FILE environment variable is empty
Info: nios2_qsys_0: # 2024.01.21 22:23:07 (*)   Plaintext license not found.
Info: nios2_qsys_0: # 2024.01.21 22:23:07 (*)   Checking for encrypted license (non-evaluation).
Info: nios2_qsys_0: # 2024.01.21 22:23:07 (*)   Couldn't query license setup in Quartus directory C:/intelfpga_lite/18.1/quartus/bin64
Info: nios2_qsys_0: # 2024.01.21 22:23:07 (*)   Defaulting to contents of LM_LICENSE_FILE environment variable
Info: nios2_qsys_0: # 2024.01.21 22:23:07 (*)   LM_LICENSE_FILE environment variable is empty
Info: nios2_qsys_0: # 2024.01.21 22:23:07 (*)   Encrypted license not found.  Defaulting to OCP evaluation license (produces a time-limited SOF)
Info: nios2_qsys_0: # 2024.01.21 22:23:07 (*)   Elaborating CPU configuration settings
Info: nios2_qsys_0: # 2024.01.21 22:23:07 (*)   Creating all objects for CPU
Info: nios2_qsys_0: # 2024.01.21 22:23:07 (*)     Testbench
Info: nios2_qsys_0: # 2024.01.21 22:23:07 (*)     Instruction decoding
Info: nios2_qsys_0: # 2024.01.21 22:23:07 (*)       Instruction fields
Info: nios2_qsys_0: # 2024.01.21 22:23:08 (*)       Instruction decodes
Info: nios2_qsys_0: # 2024.01.21 22:23:08 (*)       Signals for RTL simulation waveforms
Info: nios2_qsys_0: # 2024.01.21 22:23:08 (*)       Instruction controls
Info: nios2_qsys_0: # 2024.01.21 22:23:08 (*)     Pipeline frontend
Info: nios2_qsys_0: # 2024.01.21 22:23:08 (*)     Pipeline backend
Info: nios2_qsys_0: # 2024.01.21 22:23:10 (*)   Generating RTL from CPU objects
Info: nios2_qsys_0: # 2024.01.21 22:23:12 (*)   Creating encrypted RTL
Info: nios2_qsys_0: # 2024.01.21 22:23:13 (*) Done Nios II generation
Info: nios2_qsys_0: Done RTL generation for module 'ES_nios2_qsys_0'
Info: nios2_qsys_0: "ES" instantiated altera_nios2_qsys "nios2_qsys_0"
Info: onchip_memory2_0: Starting RTL generation for module 'ES_onchip_memory2_0'
Info: onchip_memory2_0:   Generation command is [exec C:/intelfpga_lite/18.1/quartus/bin64/perl/bin/perl.exe -I C:/intelfpga_lite/18.1/quartus/bin64/perl/lib -I C:/intelfpga_lite/18.1/quartus/sopc_builder/bin/europa -I C:/intelfpga_lite/18.1/quartus/sopc_builder/bin/perl_lib -I C:/intelfpga_lite/18.1/quartus/sopc_builder/bin -I C:/intelfpga_lite/18.1/quartus/../ip/altera/sopc_builder_ip/common -I C:/intelfpga_lite/18.1/quartus/../ip/altera/sopc_builder_ip/altera_avalon_onchip_memory2 -- C:/intelfpga_lite/18.1/quartus/../ip/altera/sopc_builder_ip/altera_avalon_onchip_memory2/generate_rtl.pl --name=ES_onchip_memory2_0 --dir=C:/Users/bimee/AppData/Local/Temp/alt9743_4262567756132078101.dir/0004_onchip_memory2_0_gen/ --quartus_dir=C:/intelfpga_lite/18.1/quartus --verilog --config=C:/Users/bimee/AppData/Local/Temp/alt9743_4262567756132078101.dir/0004_onchip_memory2_0_gen//ES_onchip_memory2_0_component_configuration.pl  --do_build_sim=0  ]
Info: onchip_memory2_0: Done RTL generation for module 'ES_onchip_memory2_0'
Info: onchip_memory2_0: "ES" instantiated altera_avalon_onchip_memory2 "onchip_memory2_0"
Info: reg32_avalon_interface_0: "ES" instantiated reg32_avalon_interface "reg32_avalon_interface_0"
Info: avalon_st_adapter: Inserting error_adapter: error_adapter_0
Info: avalon_st_adapter_001: Inserting error_adapter: error_adapter_0
Info: avalon_st_adapter_002: Inserting error_adapter: error_adapter_0
Info: avalon_st_adapter_003: Inserting error_adapter: error_adapter_0
Info: mm_interconnect_0: "ES" instantiated altera_mm_interconnect "mm_interconnect_0"
Info: irq_mapper: "ES" instantiated altera_irq_mapper "irq_mapper"
Info: rst_controller: "ES" instantiated altera_reset_controller "rst_controller"
Info: nios2_qsys_0_data_master_translator: "mm_interconnect_0" instantiated altera_merlin_master_translator "nios2_qsys_0_data_master_translator"
Info: jtag_uart_0_avalon_jtag_slave_translator: "mm_interconnect_0" instantiated altera_merlin_slave_translator "jtag_uart_0_avalon_jtag_slave_translator"
Info: nios2_qsys_0_data_master_agent: "mm_interconnect_0" instantiated altera_merlin_master_agent "nios2_qsys_0_data_master_agent"
Info: jtag_uart_0_avalon_jtag_slave_agent: "mm_interconnect_0" instantiated altera_merlin_slave_agent "jtag_uart_0_avalon_jtag_slave_agent"
Info: jtag_uart_0_avalon_jtag_slave_agent_rsp_fifo: "mm_interconnect_0" instantiated altera_avalon_sc_fifo "jtag_uart_0_avalon_jtag_slave_agent_rsp_fifo"
Info: router: "mm_interconnect_0" instantiated altera_merlin_router "router"
Info: router_001: "mm_interconnect_0" instantiated altera_merlin_router "router_001"
Info: router_002: "mm_interconnect_0" instantiated altera_merlin_router "router_002"
Info: router_004: "mm_interconnect_0" instantiated altera_merlin_router "router_004"
Info: nios2_qsys_0_data_master_limiter: "mm_interconnect_0" instantiated altera_merlin_traffic_limiter "nios2_qsys_0_data_master_limiter"
Info: Reusing file C:/Users/bimee/OneDrive/SoC/Course_Task/Quartus_project/ES/synthesis/submodules/altera_avalon_sc_fifo.v
Info: cmd_demux: "mm_interconnect_0" instantiated altera_merlin_demultiplexer "cmd_demux"
Info: cmd_demux_001: "mm_interconnect_0" instantiated altera_merlin_demultiplexer "cmd_demux_001"
Info: cmd_mux: "mm_interconnect_0" instantiated altera_merlin_multiplexer "cmd_mux"
Info: cmd_mux_002: "mm_interconnect_0" instantiated altera_merlin_multiplexer "cmd_mux_002"
Info: Reusing file C:/Users/bimee/OneDrive/SoC/Course_Task/Quartus_project/ES/synthesis/submodules/altera_merlin_arbitrator.sv
Info: rsp_demux: "mm_interconnect_0" instantiated altera_merlin_demultiplexer "rsp_demux"
Info: rsp_demux_002: "mm_interconnect_0" instantiated altera_merlin_demultiplexer "rsp_demux_002"
Info: rsp_mux: "mm_interconnect_0" instantiated altera_merlin_multiplexer "rsp_mux"
Info: Reusing file C:/Users/bimee/OneDrive/SoC/Course_Task/Quartus_project/ES/synthesis/submodules/altera_merlin_arbitrator.sv
Info: rsp_mux_001: "mm_interconnect_0" instantiated altera_merlin_multiplexer "rsp_mux_001"
Info: Reusing file C:/Users/bimee/OneDrive/SoC/Course_Task/Quartus_project/ES/synthesis/submodules/altera_merlin_arbitrator.sv
Info: avalon_st_adapter: "mm_interconnect_0" instantiated altera_avalon_st_adapter "avalon_st_adapter"
Info: error_adapter_0: "avalon_st_adapter" instantiated error_adapter "error_adapter_0"
Info: ES: Done "ES" with 28 modules, 50 files
Info: qsys-generate succeeded.
Info: Finished: Create HDL design files for synthesis
